0 info it worked if it ends with ok
1 verbose cli [ 'C:\\Program Files\\nodejs\\node.exe',
1 verbose cli   'C:\\Program Files\\nodejs\\node_modules\\npm\\bin\\npm-cli.js',
1 verbose cli   'install',
1 verbose cli   'git' ]
2 info using npm@3.10.10
3 info using node@v6.11.4
4 silly loadCurrentTree Starting
5 silly install loadCurrentTree
6 silly install readLocalPackageData
7 silly fetchPackageMetaData git
8 silly fetchNamedPackageData git
9 silly mapToRegistry name git
10 silly mapToRegistry using default registry
11 silly mapToRegistry registry https://registry.npmjs.org/
12 silly mapToRegistry data Result {
12 silly mapToRegistry   raw: 'git',
12 silly mapToRegistry   scope: null,
12 silly mapToRegistry   escapedName: 'git',
12 silly mapToRegistry   name: 'git',
12 silly mapToRegistry   rawSpec: '',
12 silly mapToRegistry   spec: 'latest',
12 silly mapToRegistry   type: 'tag' }
13 silly mapToRegistry uri https://registry.npmjs.org/git
14 verbose request uri https://registry.npmjs.org/git
15 verbose request no auth needed
16 info attempt registry request try #1 at 11:07:25 AM
17 verbose request id 9fc3c479310bee26
18 http request GET https://registry.npmjs.org/git
19 http 200 https://registry.npmjs.org/git
20 verbose headers { server: 'nginx/1.10.1',
20 verbose headers   'content-type': 'application/json',
20 verbose headers   'last-modified': 'Mon, 20 Feb 2017 03:16:08 GMT',
20 verbose headers   etag: 'W/"58aa5f78-278b"',
20 verbose headers   'content-encoding': 'gzip',
20 verbose headers   'cache-control': 'max-age=300',
20 verbose headers   'content-length': '2304',
20 verbose headers   'accept-ranges': 'bytes',
20 verbose headers   date: 'Thu, 02 Nov 2017 18:07:23 GMT',
20 verbose headers   via: '1.1 varnish',
20 verbose headers   age: '0',
20 verbose headers   connection: 'keep-alive',
20 verbose headers   'x-served-by': 'cache-sjc3145-SJC',
20 verbose headers   'x-cache': 'MISS',
20 verbose headers   'x-cache-hits': '0',
20 verbose headers   'x-timer': 'S1509646044.576902,VS0,VE126',
20 verbose headers   vary: 'Accept-Encoding, Accept' }
21 silly get cb [ 200,
21 silly get   { server: 'nginx/1.10.1',
21 silly get     'content-type': 'application/json',
21 silly get     'last-modified': 'Mon, 20 Feb 2017 03:16:08 GMT',
21 silly get     etag: 'W/"58aa5f78-278b"',
21 silly get     'content-encoding': 'gzip',
21 silly get     'cache-control': 'max-age=300',
21 silly get     'content-length': '2304',
21 silly get     'accept-ranges': 'bytes',
21 silly get     date: 'Thu, 02 Nov 2017 18:07:23 GMT',
21 silly get     via: '1.1 varnish',
21 silly get     age: '0',
21 silly get     connection: 'keep-alive',
21 silly get     'x-served-by': 'cache-sjc3145-SJC',
21 silly get     'x-cache': 'MISS',
21 silly get     'x-cache-hits': '0',
21 silly get     'x-timer': 'S1509646044.576902,VS0,VE126',
21 silly get     vary: 'Accept-Encoding, Accept' } ]
22 verbose get saving git to C:\Users\stlp4\AppData\Roaming\npm-cache\registry.npmjs.org\git\.cache.json
23 verbose correctMkdir C:\Users\stlp4\AppData\Roaming\npm-cache correctMkdir not in flight; initializing
24 silly install normalizeTree
25 silly loadCurrentTree Finishing
26 silly loadIdealTree Starting
27 silly install loadIdealTree
28 silly cloneCurrentTree Starting
29 silly install cloneCurrentTreeToIdealTree
30 silly cloneCurrentTree Finishing
31 silly loadShrinkwrap Starting
32 silly install loadShrinkwrap
33 silly loadShrinkwrap Finishing
34 silly loadAllDepsIntoIdealTree Starting
35 silly install loadAllDepsIntoIdealTree
36 silly resolveWithNewModule git@0.1.5 checking installable status
37 silly cache add args [ 'git', null ]
38 verbose cache add spec git
39 silly cache add parsed spec Result {
39 silly cache add   raw: 'git',
39 silly cache add   scope: null,
39 silly cache add   escapedName: 'git',
39 silly cache add   name: 'git',
39 silly cache add   rawSpec: '',
39 silly cache add   spec: 'latest',
39 silly cache add   type: 'tag' }
40 silly addNamed git@latest
41 verbose addNamed "latest" is being treated as a dist-tag for git
42 info addNameTag [ 'git', 'latest' ]
43 silly mapToRegistry name git
44 silly mapToRegistry using default registry
45 silly mapToRegistry registry https://registry.npmjs.org/
46 silly mapToRegistry data Result {
46 silly mapToRegistry   raw: 'git',
46 silly mapToRegistry   scope: null,
46 silly mapToRegistry   escapedName: 'git',
46 silly mapToRegistry   name: 'git',
46 silly mapToRegistry   rawSpec: '',
46 silly mapToRegistry   spec: 'latest',
46 silly mapToRegistry   type: 'tag' }
47 silly mapToRegistry uri https://registry.npmjs.org/git
48 verbose addNameTag registry:https://registry.npmjs.org/git not in flight; fetching
49 verbose get https://registry.npmjs.org/git not expired, no request
50 silly addNameTag next cb for git with tag latest
51 silly addNamed git@0.1.5
52 verbose addNamed "0.1.5" is a plain semver version for git
53 silly mapToRegistry name git
54 silly mapToRegistry using default registry
55 silly mapToRegistry registry https://registry.npmjs.org/
56 silly mapToRegistry data Result {
56 silly mapToRegistry   raw: 'git',
56 silly mapToRegistry   scope: null,
56 silly mapToRegistry   escapedName: 'git',
56 silly mapToRegistry   name: 'git',
56 silly mapToRegistry   rawSpec: '',
56 silly mapToRegistry   spec: 'latest',
56 silly mapToRegistry   type: 'tag' }
57 silly mapToRegistry uri https://registry.npmjs.org/git
58 verbose addRemoteTarball https://registry.npmjs.org/git/-/git-0.1.5.tgz not in flight; adding
59 verbose addRemoteTarball [ 'https://registry.npmjs.org/git/-/git-0.1.5.tgz',
59 verbose addRemoteTarball   '9ef62df93f851c27542143bf52d1c68b1017ca15' ]
60 info retry fetch attempt 1 at 11:07:26 AM
61 info attempt registry request try #1 at 11:07:26 AM
62 http fetch GET https://registry.npmjs.org/git/-/git-0.1.5.tgz
63 http fetch 200 https://registry.npmjs.org/git/-/git-0.1.5.tgz
64 warn retry will retry, error on last attempt: Error: EBUSY: resource busy or locked, rename 'C:\Users\stlp4\AppData\Local\Temp\npm-4064-228116ff\registry.npmjs.org\git\-\git-0.1.5.tgz.868864488' -> 'C:\Users\stlp4\AppData\Local\Temp\npm-4064-228116ff\registry.npmjs.org\git\-\git-0.1.5.tgz'
65 verbose stack TypeError: tarball.destroy is not a function
65 verbose stack     at WriteStreamAtomic.<anonymous> (C:\Program Files\nodejs\node_modules\npm\lib\cache\add-remote-tarball.js:97:15)
65 verbose stack     at emitOne (events.js:101:20)
65 verbose stack     at WriteStreamAtomic.emit (events.js:188:7)
65 verbose stack     at WriteStreamAtomic.emit (C:\Program Files\nodejs\node_modules\npm\node_modules\fs-write-stream-atomic\index.js:60:34)
65 verbose stack     at C:\Program Files\nodejs\node_modules\npm\node_modules\fs-write-stream-atomic\index.js:89:19
65 verbose stack     at FSReqWrap.oncomplete (fs.js:123:15)
66 verbose cwd C:\Users\stlp4\Desktop\NikiStore
67 error Windows_NT 10.0.17025
68 error argv "C:\\Program Files\\nodejs\\node.exe" "C:\\Program Files\\nodejs\\node_modules\\npm\\bin\\npm-cli.js" "install" "git"
69 error node v6.11.4
70 error npm  v3.10.10
71 error tarball.destroy is not a function
72 error If you need help, you may report this error at:
72 error     <https://github.com/npm/npm/issues>
73 verbose exit [ 1, true ]
